-------------------------------------------------------------------------------
Test set: TestSuite
-------------------------------------------------------------------------------
Tests run: 3, Failures: 1, Errors: 0, Skipped: 0, Time elapsed: 94.267 sec <<< FAILURE!
uploadprofile(com.org.dapps.shopsyFramework.toTest)  Time elapsed: 0.031 sec  <<< FAILURE!
java.lang.NullPointerException
	at com.org.dapps.shopsyFramework.toTest.uploadprofile(toTest.java:17)

